[INFO] Scanning for projects...
[INFO] 
[INFO] --------------------< cs.msu.edu:CSCI_440_Project >---------------------
[INFO] Building CSCI_440_Project 1.0-SNAPSHOT
[INFO]   from pom.xml
[INFO] --------------------------------[ jar ]---------------------------------
[INFO] 
[INFO] --- resources:3.3.1:resources (default-resources) @ CSCI_440_Project ---
[WARNING] Using platform encoding (UTF-8 actually) to copy filtered resources, i.e. build is platform dependent!
[INFO] Copying 33 resources from src/main/resources to target/classes
[INFO] 
[INFO] --- compiler:3.1:compile (default-compile) @ CSCI_440_Project ---
[INFO] Nothing to compile - all classes are up to date
[INFO] 
[INFO] --- resources:3.3.1:testResources (default-testResources) @ CSCI_440_Project ---
[WARNING] Using platform encoding (UTF-8 actually) to copy filtered resources, i.e. build is platform dependent!
[INFO] Copying 3 resources from src/test/resources to target/test-classes
[INFO] 
[INFO] --- compiler:3.1:testCompile (default-testCompile) @ CSCI_440_Project ---
[INFO] Nothing to compile - all classes are up to date
[INFO] 
[INFO] --- surefire:2.22.1:test (default-test) @ CSCI_440_Project ---
[INFO] 
[INFO] -------------------------------------------------------
[INFO]  T E S T S
[INFO] -------------------------------------------------------
[INFO] Running edu.montana.csci.csci440.model.InvoicesTest
Resetting DB After Test...
Resetting DB After Test...
Resetting DB After Test...
[INFO] Tests run: 3, Failures: 0, Errors: 0, Skipped: 0, Time elapsed: 0.219 s - in edu.montana.csci.csci440.model.InvoicesTest
[INFO] Running edu.montana.csci.csci440.model.TrackTest
Resetting DB After Test...
Resetting DB After Test...
ResultSet closed
0
null
Resetting DB After Test...
Resetting DB After Test...
Resetting DB After Test...
Resetting DB After Test...
Resetting DB After Test...
SELECT tracks.TrackId as TrackId, tracks.AlbumId as AlbumId, tracks.MediaTypeId as MediaTypeId, tracks.GenreId as GenreId, tracks.UnitPrice as UnitPrice, tracks.Name as Name, tracks.Milliseconds as Milliseconds, tracks.Bytes as Bytes, artists.Name as ArtistName, albums.Title as AlbumName FROM tracks JOIN albums ON tracks.AlbumId = albums.AlbumId JOIN artists ON artists.ArtistId = albums.ArtistId  WHERE artists.ArtistId = ?  LIMIT ? OFFSET ?
SELECT tracks.TrackId as TrackId, tracks.AlbumId as AlbumId, tracks.MediaTypeId as MediaTypeId, tracks.GenreId as GenreId, tracks.UnitPrice as UnitPrice, tracks.Name as Name, tracks.Milliseconds as Milliseconds, tracks.Bytes as Bytes, artists.Name as ArtistName, albums.Title as AlbumName FROM tracks JOIN albums ON tracks.AlbumId = albums.AlbumId JOIN artists ON artists.ArtistId = albums.ArtistId  WHERE artists.ArtistId = ?  LIMIT ? OFFSET ? 
 parameters=[1, 1000, 0]
SELECT tracks.TrackId as TrackId, tracks.AlbumId as AlbumId, tracks.MediaTypeId as MediaTypeId, tracks.GenreId as GenreId, tracks.UnitPrice as UnitPrice, tracks.Name as Name, tracks.Milliseconds as Milliseconds, tracks.Bytes as Bytes, artists.Name as ArtistName, albums.Title as AlbumName FROM tracks JOIN albums ON tracks.AlbumId = albums.AlbumId JOIN artists ON artists.ArtistId = albums.ArtistId  WHERE artists.ArtistId = ?  AND tracks.Name LIKE ? LIMIT ? OFFSET ?
SELECT tracks.TrackId as TrackId, tracks.AlbumId as AlbumId, tracks.MediaTypeId as MediaTypeId, tracks.GenreId as GenreId, tracks.UnitPrice as UnitPrice, tracks.Name as Name, tracks.Milliseconds as Milliseconds, tracks.Bytes as Bytes, artists.Name as ArtistName, albums.Title as AlbumName FROM tracks JOIN albums ON tracks.AlbumId = albums.AlbumId JOIN artists ON artists.ArtistId = albums.ArtistId  WHERE artists.ArtistId = ?  AND tracks.Name LIKE ? LIMIT ? OFFSET ? 
 parameters=[1, %a%, 1000, 0]
SELECT tracks.TrackId as TrackId, tracks.AlbumId as AlbumId, tracks.MediaTypeId as MediaTypeId, tracks.GenreId as GenreId, tracks.UnitPrice as UnitPrice, tracks.Name as Name, tracks.Milliseconds as Milliseconds, tracks.Bytes as Bytes, artists.Name as ArtistName, albums.Title as AlbumName FROM tracks JOIN albums ON tracks.AlbumId = albums.AlbumId JOIN artists ON artists.ArtistId = albums.ArtistId  WHERE artists.ArtistId = ?  AND tracks.Name LIKE ? AND tracks.AlbumId =  ? LIMIT ? OFFSET ?
SELECT tracks.TrackId as TrackId, tracks.AlbumId as AlbumId, tracks.MediaTypeId as MediaTypeId, tracks.GenreId as GenreId, tracks.UnitPrice as UnitPrice, tracks.Name as Name, tracks.Milliseconds as Milliseconds, tracks.Bytes as Bytes, artists.Name as ArtistName, albums.Title as AlbumName FROM tracks JOIN albums ON tracks.AlbumId = albums.AlbumId JOIN artists ON artists.ArtistId = albums.ArtistId  WHERE artists.ArtistId = ?  AND tracks.Name LIKE ? AND tracks.AlbumId =  ? LIMIT ? OFFSET ? 
 parameters=[1, %a%, 1, 1000, 0]
SELECT tracks.TrackId as TrackId, tracks.AlbumId as AlbumId, tracks.MediaTypeId as MediaTypeId, tracks.GenreId as GenreId, tracks.UnitPrice as UnitPrice, tracks.Name as Name, tracks.Milliseconds as Milliseconds, tracks.Bytes as Bytes, artists.Name as ArtistName, albums.Title as AlbumName FROM tracks JOIN albums ON tracks.AlbumId = albums.AlbumId JOIN artists ON artists.ArtistId = albums.ArtistId  WHERE artists.ArtistId = ?  AND tracks.Name LIKE ? AND tracks.AlbumId =  ? AND tracks.Milliseconds < ? LIMIT ? OFFSET ?
SELECT tracks.TrackId as TrackId, tracks.AlbumId as AlbumId, tracks.MediaTypeId as MediaTypeId, tracks.GenreId as GenreId, tracks.UnitPrice as UnitPrice, tracks.Name as Name, tracks.Milliseconds as Milliseconds, tracks.Bytes as Bytes, artists.Name as ArtistName, albums.Title as AlbumName FROM tracks JOIN albums ON tracks.AlbumId = albums.AlbumId JOIN artists ON artists.ArtistId = albums.ArtistId  WHERE artists.ArtistId = ?  AND tracks.Name LIKE ? AND tracks.AlbumId =  ? AND tracks.Milliseconds < ? LIMIT ? OFFSET ? 
 parameters=[1, %a%, 1, 280000, 1000, 0]
SELECT tracks.TrackId as TrackId, tracks.AlbumId as AlbumId, tracks.MediaTypeId as MediaTypeId, tracks.GenreId as GenreId, tracks.UnitPrice as UnitPrice, tracks.Name as Name, tracks.Milliseconds as Milliseconds, tracks.Bytes as Bytes, artists.Name as ArtistName, albums.Title as AlbumName FROM tracks JOIN albums ON tracks.AlbumId = albums.AlbumId JOIN artists ON artists.ArtistId = albums.ArtistId  WHERE artists.ArtistId = ?  AND tracks.Name LIKE ? AND tracks.AlbumId =  ? AND tracks.Milliseconds < ? AND tracks.Milliseconds > ? LIMIT ? OFFSET ?
SELECT tracks.TrackId as TrackId, tracks.AlbumId as AlbumId, tracks.MediaTypeId as MediaTypeId, tracks.GenreId as GenreId, tracks.UnitPrice as UnitPrice, tracks.Name as Name, tracks.Milliseconds as Milliseconds, tracks.Bytes as Bytes, artists.Name as ArtistName, albums.Title as AlbumName FROM tracks JOIN albums ON tracks.AlbumId = albums.AlbumId JOIN artists ON artists.ArtistId = albums.ArtistId  WHERE artists.ArtistId = ?  AND tracks.Name LIKE ? AND tracks.AlbumId =  ? AND tracks.Milliseconds < ? AND tracks.Milliseconds > ? LIMIT ? OFFSET ? 
 parameters=[1, %a%, 1, 280000, 220000, 1000, 0]
Resetting DB After Test...
Resetting DB After Test...
Resetting DB After Test...
Resetting DB After Test...
Resetting DB After Test...
[INFO] Tests run: 12, Failures: 0, Errors: 0, Skipped: 0, Time elapsed: 0.066 s - in edu.montana.csci.csci440.model.TrackTest
[INFO] Running edu.montana.csci.csci440.model.PlaylistsTest
Resetting DB After Test...
Resetting DB After Test...
Resetting DB After Test...
[INFO] Tests run: 3, Failures: 0, Errors: 0, Skipped: 0, Time elapsed: 0.008 s - in edu.montana.csci.csci440.model.PlaylistsTest
[INFO] Running edu.montana.csci.csci440.model.AlbumTest
Resetting DB After Test...
Resetting DB After Test...
Resetting DB After Test...
Resetting DB After Test...
Resetting DB After Test...
[INFO] Tests run: 5, Failures: 0, Errors: 0, Skipped: 0, Time elapsed: 0.015 s - in edu.montana.csci.csci440.model.AlbumTest
[INFO] Running edu.montana.csci.csci440.model.EmployeeTest
Resetting DB After Test...
Resetting DB After Test...
Resetting DB After Test...
Resetting DB After Test...
Resetting DB After Test...
Resetting DB After Test...
3
Resetting DB After Test...
[INFO] Tests run: 7, Failures: 0, Errors: 0, Skipped: 0, Time elapsed: 0.022 s - in edu.montana.csci.csci440.model.EmployeeTest
[INFO] Running edu.montana.csci.csci440.model.ArtistTest
1
Resetting DB After Test...
Resetting DB After Test...
Resetting DB After Test...
Resetting DB After Test...
Resetting DB After Test...
1
0
Resetting DB After Test...
[INFO] Tests run: 6, Failures: 0, Errors: 0, Skipped: 0, Time elapsed: 0.014 s - in edu.montana.csci.csci440.model.ArtistTest
[INFO] Running edu.montana.csci.csci440.model.CustomerTest
Resetting DB After Test...
Resetting DB After Test...
Resetting DB After Test...
[INFO] Tests run: 3, Failures: 0, Errors: 0, Skipped: 0, Time elapsed: 0.023 s - in edu.montana.csci.csci440.model.CustomerTest
[INFO] 
[INFO] Results:
[INFO] 
[INFO] Tests run: 39, Failures: 0, Errors: 0, Skipped: 0
[INFO] 
[INFO] ------------------------------------------------------------------------
[INFO] BUILD SUCCESS
[INFO] ------------------------------------------------------------------------
[INFO] Total time:  1.636 s
[INFO] Finished at: 2023-12-01T16:17:14-07:00
[INFO] ------------------------------------------------------------------------
